<?xml version="1.0" encoding="UTF-8"?>
<!-- Generated by org.testng.reporters.JUnitXMLReporter -->
<testsuite ignored="0" hostname="kavdik" failures="0" tests="5" name="Default test" time="0.096" errors="0" timestamp="2026-06-18T08:08:26 IST">
  <testcase classname="project.groupsassert" name="addEmployee" time="0.01"/>
  <testcase classname="project.groupsassert" name="deleteEmployee" time="0.006"/>
  <testcase classname="project.groupsassert" name="login" time="0.002"/>
  <testcase classname="project.groupsassert" name="logout" time="0.002"/>
  <testcase classname="project.groupsassert" name="searchEmployee" time="0.002"/>
</testsuite> <!-- Default test -->
