<?xml version="1.0" encoding="UTF-8"?>
<!-- Generated by org.testng.reporters.JUnitXMLReporter -->
<testsuite ignored="44" hostname="kavdik" failures="0" tests="3" name="Test" time="0.086" errors="0" timestamp="2026-06-18T08:15:32 IST">
  <testcase classname="project.groupsassert" name="addEmployee" time="0.009"/>
  <testcase classname="project.groupsassert" name="deleteEmployee" time="0.005"/>
  <testcase classname="project.groupsassert" name="searchEmployee" time="0.002"/>
  <testcase classname="project.suite" name="two" time="0.0">
    <ignored/>
  </testcase> <!-- two -->
  <testcase classname="project.prioritychecking" name="Four" time="0.0">
    <ignored/>
  </testcase> <!-- Four -->
  <testcase classname="project.hardassert" name="test3" time="0.0">
    <ignored/>
  </testcase> <!-- test3 -->
  <testcase classname="project.classs" name="Five" time="0.0">
    <ignored/>
  </testcase> <!-- Five -->
  <testcase classname="project.enableno" name="Five" time="0.0">
    <ignored/>
  </testcase> <!-- Five -->
  <testcase classname="project.dependson" name="addToCart" time="0.0">
    <ignored/>
  </testcase> <!-- addToCart -->
  <testcase classname="project.prioritychecking" name="one" time="0.0">
    <ignored/>
  </testcase> <!-- one -->
  <testcase classname="project.methodd" name="before" time="0.0">
    <ignored/>
  </testcase> <!-- before -->
  <testcase classname="project.enableno" name="three" time="0.0">
    <ignored/>
  </testcase> <!-- three -->
  <testcase classname="project.softassert" name="verifyData" time="0.0">
    <ignored/>
  </testcase> <!-- verifyData -->
  <testcase classname="project.testtt" name="two" time="0.0">
    <ignored/>
  </testcase> <!-- two -->
  <testcase classname="project.prioritychecking" name="Five" time="0.0">
    <ignored/>
  </testcase> <!-- Five -->
  <testcase classname="project.groups" name="beforeGroups" time="0.0">
    <ignored/>
  </testcase> <!-- beforeGroups -->
  <testcase classname="project.prioritychecking" name="three" time="0.0">
    <ignored/>
  </testcase> <!-- three -->
  <testcase classname="project.dependson" name="login" time="0.0">
    <ignored/>
  </testcase> <!-- login -->
  <testcase classname="project.dependson" name="payment" time="0.0">
    <ignored/>
  </testcase> <!-- payment -->
  <testcase classname="project.classs" name="one" time="0.0">
    <ignored/>
  </testcase> <!-- one -->
  <testcase classname="project.methodd" name="Four" time="0.0">
    <ignored/>
  </testcase> <!-- Four -->
  <testcase classname="project.testtt" name="Four" time="0.0">
    <ignored/>
  </testcase> <!-- Four -->
  <testcase classname="project.methodd" name="one" time="0.0">
    <ignored/>
  </testcase> <!-- one -->
  <testcase classname="project.methodd" name="three" time="0.0">
    <ignored/>
  </testcase> <!-- three -->
  <testcase classname="project.testtt" name="Five" time="0.0">
    <ignored/>
  </testcase> <!-- Five -->
  <testcase classname="project.suite" name="three" time="0.0">
    <ignored/>
  </testcase> <!-- three -->
  <testcase classname="project.testtt" name="three" time="0.0">
    <ignored/>
  </testcase> <!-- three -->
  <testcase classname="project.hardassert" name="test2" time="0.0">
    <ignored/>
  </testcase> <!-- test2 -->
  <testcase classname="project.groupsassert" name="logout" time="0.0">
    <ignored/>
  </testcase> <!-- logout -->
  <testcase classname="project.classs" name="before" time="0.0">
    <ignored/>
  </testcase> <!-- before -->
  <testcase classname="project.suite" name="Five" time="0.0">
    <ignored/>
  </testcase> <!-- Five -->
  <testcase classname="project.methodd" name="Five" time="0.0">
    <ignored/>
  </testcase> <!-- Five -->
  <testcase classname="project.testtt" name="one" time="0.0">
    <ignored/>
  </testcase> <!-- one -->
  <testcase classname="project.enableno" name="two" time="0.0">
    <ignored/>
  </testcase> <!-- two -->
  <testcase classname="project.classs" name="Four" time="0.0">
    <ignored/>
  </testcase> <!-- Four -->
  <testcase classname="project.enableno" name="one" time="0.0">
    <ignored/>
  </testcase> <!-- one -->
  <testcase classname="project.enableno" name="Four" time="0.0">
    <ignored/>
  </testcase> <!-- Four -->
  <testcase classname="project.groupsassert" name="login" time="0.0">
    <ignored/>
  </testcase> <!-- login -->
  <testcase classname="project.hardassert" name="test1" time="0.0">
    <ignored/>
  </testcase> <!-- test1 -->
  <testcase classname="project.classs" name="two" time="0.0">
    <ignored/>
  </testcase> <!-- two -->
  <testcase classname="project.suite" name="Four" time="0.0">
    <ignored/>
  </testcase> <!-- Four -->
  <testcase classname="project.dependson" name="searchProduct" time="0.0">
    <ignored/>
  </testcase> <!-- searchProduct -->
  <testcase classname="project.testtt" name="before" time="0.0">
    <ignored/>
  </testcase> <!-- before -->
  <testcase classname="project.suite" name="one" time="0.0">
    <ignored/>
  </testcase> <!-- one -->
  <testcase classname="project.methodd" name="two" time="0.0">
    <ignored/>
  </testcase> <!-- two -->
  <testcase classname="project.prioritychecking" name="two" time="0.0">
    <ignored/>
  </testcase> <!-- two -->
  <testcase classname="project.classs" name="three" time="0.0">
    <ignored/>
  </testcase> <!-- three -->
</testsuite> <!-- Test -->
