<?xml version="1.0" encoding="UTF-8"?>
<testng-results ignored="44" total="47" passed="3" failed="0" skipped="0">
  <reporter-output>
  </reporter-output>
  <suite started-at="2026-06-18T08:15:32 IST" name="Suite" finished-at="2026-06-18T08:15:32 IST" duration-ms="86">
    <groups>
      <group name="Regression">
        <method signature="groupsassert.addEmployee()[pri:0, instance:project.groupsassert@1bb5a082]" name="addEmployee" class="project.groupsassert"/>
        <method signature="groupsassert.deleteEmployee()[pri:0, instance:project.groupsassert@1bb5a082]" name="deleteEmployee" class="project.groupsassert"/>
        <method signature="groupsassert.searchEmployee()[pri:0, instance:project.groupsassert@1bb5a082]" name="searchEmployee" class="project.groupsassert"/>
      </group> <!-- Regression -->
      <group name="Smoke">
        <method signature="groupsassert.searchEmployee()[pri:0, instance:project.groupsassert@1bb5a082]" name="searchEmployee" class="project.groupsassert"/>
      </group> <!-- Smoke -->
    </groups>
    <test started-at="2026-06-18T08:15:32 IST" name="Test" finished-at="2026-06-18T08:15:32 IST" duration-ms="86">
      <class name="project.groupsassert">
        <test-method signature="addEmployee()[pri:0, instance:project.groupsassert@1bb5a082]" started-at="2026-06-18T08:15:32 IST" name="addEmployee" finished-at="2026-06-18T08:15:32 IST" duration-ms="9" status="PASS">
          <reporter-output>
          </reporter-output>
        </test-method> <!-- addEmployee -->
        <test-method signature="deleteEmployee()[pri:0, instance:project.groupsassert@1bb5a082]" started-at="2026-06-18T08:15:32 IST" name="deleteEmployee" finished-at="2026-06-18T08:15:32 IST" duration-ms="5" status="PASS">
          <reporter-output>
          </reporter-output>
        </test-method> <!-- deleteEmployee -->
        <test-method signature="searchEmployee()[pri:0, instance:project.groupsassert@1bb5a082]" started-at="2026-06-18T08:15:32 IST" name="searchEmployee" finished-at="2026-06-18T08:15:32 IST" duration-ms="2" status="PASS">
          <reporter-output>
          </reporter-output>
        </test-method> <!-- searchEmployee -->
      </class> <!-- project.groupsassert -->
    </test> <!-- Test -->
  </suite> <!-- Suite -->
</testng-results>
