<?xml version="1.0" encoding="UTF-8"?>
<!-- Generated by org.testng.reporters.JUnitReportReporter -->
<testsuite hostname="kavdik" failures="0" tests="5" name="project.Suite" time="0.007" errors="0" timestamp="2026-06-18T07:58:14 IST" skipped="0">
  <testcase classname="project.Suite" name="Five" time="0.002"/>
  <testcase classname="project.Suite" name="one" time="0.002"/>
  <testcase classname="project.Suite" name="three" time="0.000"/>
  <testcase classname="project.Suite" name="Four" time="0.002"/>
  <testcase classname="project.Suite" name="two" time="0.001"/>
</testsuite> <!-- project.Suite -->
