<?xml version="1.0" encoding="UTF-8"?>
<!-- Generated by org.testng.reporters.JUnitReportReporter -->
<testsuite hostname="kavdik" failures="0" tests="9" name="project.Prioritychecking$Groups" time="0.097" errors="0" timestamp="2026-06-12T08:21:03 IST" skipped="0">
  <testcase classname="project.Prioritychecking$Groups" name="beforeTest" time="0.023"/>
  <testcase classname="project.Prioritychecking$Groups" name="afterTest" time="0.014"/>
  <testcase classname="project.Prioritychecking$Groups" name="beforeSuite" time="0.015"/>
  <testcase classname="project.Prioritychecking$Groups" name="afterClass" time="0.004"/>
  <testcase classname="project.Prioritychecking$Groups" name="afterMethod" time="0.011"/>
  <testcase classname="project.Prioritychecking$Groups" name="beforeMethod" time="0.009"/>
  <testcase classname="project.Prioritychecking$Groups" name="beforeGroups" time="0.008"/>
  <testcase classname="project.Prioritychecking$Groups" name="afterSuite" time="0.008"/>
  <testcase classname="project.Prioritychecking$Groups" name="afterGroups" time="0.005"/>
</testsuite> <!-- project.Prioritychecking$Groups -->
