<?xml version="1.0" encoding="UTF-8"?>
<!-- Generated by org.testng.reporters.JUnitReportReporter -->
<testsuite hostname="kavdik" failures="0" tests="4" name="project.dependson" time="0.013" errors="0" timestamp="2026-06-18T07:58:14 IST" skipped="0">
  <testcase classname="project.dependson" name="login" time="0.003"/>
  <testcase classname="project.dependson" name="addToCart" time="0.001"/>
  <testcase classname="project.dependson" name="searchProduct" time="0.003"/>
  <testcase classname="project.dependson" name="payment" time="0.006"/>
</testsuite> <!-- project.dependson -->
