<?xml version="1.0" encoding="UTF-8"?>
<!-- Generated by org.testng.reporters.JUnitReportReporter -->
<testsuite hostname="kavdik" failures="0" tests="6" name="project.Methodd" time="0.039" errors="0" timestamp="2026-06-18T07:58:14 IST" skipped="0">
  <testcase classname="project.Methodd" name="Four" time="0.007"/>
  <testcase classname="project.Methodd" name="two" time="0.002"/>
  <testcase classname="project.Methodd" name="before" time="0.006"/>
  <testcase classname="project.Methodd" name="one" time="0.005"/>
  <testcase classname="project.Methodd" name="three" time="0.007"/>
  <testcase classname="project.Methodd" name="Five" time="0.012"/>
</testsuite> <!-- project.Methodd -->
