<?xml version="1.0" encoding="UTF-8"?>
<!-- Generated by org.testng.reporters.JUnitReportReporter -->
<testsuite hostname="kavdik" failures="0" tests="5" name="project.enableno" time="0.007" errors="0" timestamp="2026-06-18T07:58:14 IST" skipped="1">
  <testcase classname="project.enableno" name="Four" time="0.001"/>
  <testcase classname="project.enableno" name="one" time="0.003"/>
  <testcase classname="project.enableno" name="two" time="0.002"/>
  <testcase classname="project.enableno" name="three" time="0.001"/>
  <testcase classname="project.enableno" name="Five">
    <skipped/>
  </testcase> <!-- Five -->
</testsuite> <!-- project.enableno -->
