<?xml version="1.0" encoding="UTF-8"?>
<!-- Generated by org.testng.reporters.JUnitReportReporter -->
<testsuite hostname="kavdik" failures="0" tests="5" name="project.Prioritychecking" time="0.011" errors="0" timestamp="2026-06-18T07:58:14 IST" skipped="0">
  <testcase classname="project.Prioritychecking" name="Four" time="0.001"/>
  <testcase classname="project.Prioritychecking" name="three" time="0.003"/>
  <testcase classname="project.Prioritychecking" name="one" time="0.002"/>
  <testcase classname="project.Prioritychecking" name="two" time="0.002"/>
  <testcase classname="project.Prioritychecking" name="Five" time="0.003"/>
</testsuite> <!-- project.Prioritychecking -->
