<?xml version="1.0" encoding="UTF-8"?>
<!-- Generated by org.testng.reporters.JUnitReportReporter -->
<testsuite hostname="kavdik" failures="0" tests="6" name="project.Classs" time="0.031" errors="0" timestamp="2026-06-18T07:58:14 IST" skipped="0">
  <testcase classname="project.Classs" name="one" time="0.006"/>
  <testcase classname="project.Classs" name="Five" time="0.002"/>
  <testcase classname="project.Classs" name="Four" time="0.009"/>
  <testcase classname="project.Classs" name="two" time="0.003"/>
  <testcase classname="project.Classs" name="three" time="0.004"/>
  <testcase classname="project.Classs" name="before" time="0.007"/>
</testsuite> <!-- project.Classs -->
