<?xml version="1.0" encoding="UTF-8"?>
<!-- Generated by org.testng.reporters.JUnitReportReporter -->
<testsuite hostname="kavdik" failures="0" tests="5" name="project.NewTest" time="0.023" errors="0" timestamp="2026-06-05T08:11:43 IST" skipped="0">
  <testcase classname="project.NewTest" name="Four" time="0.002"/>
  <testcase classname="project.NewTest" name="one" time="0.004"/>
  <testcase classname="project.NewTest" name="Five" time="0.006"/>
  <testcase classname="project.NewTest" name="three" time="0.006"/>
  <testcase classname="project.NewTest" name="two" time="0.005"/>
</testsuite> <!-- project.NewTest -->
