<?xml version="1.0" encoding="UTF-8"?>
<!-- Generated by org.testng.reporters.JUnitReportReporter -->
<testsuite hostname="kavdik" failures="0" tests="3" name="project.groupsassert" time="0.016" errors="0" timestamp="2026-06-18T08:15:32 IST" skipped="0">
  <testcase classname="project.groupsassert" name="addEmployee" time="0.009"/>
  <testcase classname="project.groupsassert" name="deleteEmployee" time="0.005"/>
  <testcase classname="project.groupsassert" name="searchEmployee" time="0.002"/>
</testsuite> <!-- project.groupsassert -->
