<?xml version="1.0" encoding="UTF-8"?>
<!-- Generated by org.testng.reporters.JUnitReportReporter -->
<testsuite hostname="kavdik" failures="0" tests="6" name="project.Testtt" time="0.030" errors="0" timestamp="2026-06-18T07:58:14 IST" skipped="0">
  <testcase classname="project.Testtt" name="one" time="0.010"/>
  <testcase classname="project.Testtt" name="Four" time="0.002"/>
  <testcase classname="project.Testtt" name="two" time="0.003"/>
  <testcase classname="project.Testtt" name="Five" time="0.004"/>
  <testcase classname="project.Testtt" name="before" time="0.008"/>
  <testcase classname="project.Testtt" name="three" time="0.003"/>
</testsuite> <!-- project.Testtt -->
